<?xml version="1.0" encoding="UTF-8" ?>
<testsuite errors="0" failures="0" hostname="EasyNote-TE11HC" name="interactive.TreatmenterVisualCommandTest" skipped="0" tests="5" time="0.245" timestamp="2017-03-28T10:14:40">
  <properties>
[...]
</properties>
  <testcase classname="interactive.TreatmenterVisualCommandTest" name="testStopping" time="0.002" />
  <testcase classname="interactive.TreatmenterVisualCommandTest" name="testRun" time="0.001" />
  <testcase classname="interactive.TreatmenterVisualCommandTest" name="testOnDefault" time="0.0" />
  <testcase classname="interactive.TreatmenterVisualCommandTest" name="testOnHandAndFist" time="0.0" />
  <testcase classname="interactive.TreatmenterVisualCommandTest" name="testOnHand" time="0.004" />
  <system-out><![CDATA[]]></system-out>
  <system-err><![CDATA[]]></system-err>
</testsuite>
